0 silly argv {
0 silly argv   _: [ 'create' ],
0 silly argv   lernaVersion: '3.20.2',
0 silly argv   '$0': 'node_modules/.bin/lerna',
0 silly argv   name: 'qq'
0 silly argv }
1 notice cli v3.20.2
2 verbose rootPath /Users/guopengfei/workspace/mo-cli
3 warn ENOREMOTE No git remote found, skipping repository property
4 error Error: canceled
4 error     at Interface.<anonymous> (/Users/guopengfei/workspace/mo-cli/node_modules/read/lib/read.js:66:13)
4 error     at Interface.emit (events.js:311:20)
4 error     at Interface._ttyWrite (readline.js:893:16)
4 error     at ReadStream.onkeypress (readline.js:198:10)
4 error     at ReadStream.emit (events.js:311:20)
4 error     at emitKeys (internal/readline/utils.js:438:14)
4 error     at emitKeys.next (<anonymous>)
4 error     at ReadStream.onData (readline.js:1160:36)
4 error     at ReadStream.emit (events.js:311:20)
4 error     at addChunk (_stream_readable.js:294:12)
4 error     at readableAddChunk (_stream_readable.js:275:11)
4 error     at ReadStream.Readable.push (_stream_readable.js:209:10)
